{
    "action": "editar",
    "id_curso": "44",
    "nombre_curso": "Impresio\u00f1es 3DImpresio\u00f1es 3DImpresio\u00f1es 3DImpresio\u00f1es 3DImpresio\u00f1es 3DImpresio\u00f1es 3D",
    "descripcion": "masterclass de impresiones en 3D de protesis dentales",
    "tiempo_asignado": "2",
    "horas_cronologicas": "21",
    "fecha_finalizacion": "2025-02-15",
    "inicio_mes": "2024-10-27",
    "tipo_curso": "masterclass",
    "limite_inscripciones": "20",
    "promotor": "15",
    "dias_clase": "{Martes}",
    "horario_inicio": "11:11:00",
    "horario_fin": "05:11:00",
    "nivel_curso": "medio",
    "costo": "20.00",
    "conocimientos_previos": "conocimientos basicos en cuanto a tecnologias",
    "requerimientos_implementos": "ninguno",
    "desempe\u00f1o_al_concluir": "capacitacion en protesis dentales",
    "id_modulo": [
        "97"
    ],
    "nombre_modulo": [
        "impresion 3D"
    ],
    "contenido": [
        "impresion 3D"
    ],
    "numero_modulo_contenido": [
        "1"
    ],
    "id_modulo_contenido": [
        "97"
    ],
    "numero_modulo": [
        "1"
    ],
    "actividad_modulo": [
        "participacion"
    ],
    "instrumento_modulo": [
        "participacion"
    ]
}{
    "action": "editar",
    "id_curso": "44",
    "nombre_curso": "Impresio\u00f1es 3DImpresio\u00f1es 3DImpresio\u00f1es 3DImpresio\u00f1es 3DImpresio\u00f1es 3DImpresio\u00f1es 3D",
    "descripcion": "masterclass de impresiones en 3D de protesis dentales",
    "tiempo_asignado": "2",
    "horas_cronologicas": "21",
    "fecha_finalizacion": "2025-02-15",
    "inicio_mes": "2024-10-27",
    "tipo_curso": "masterclass",
    "limite_inscripciones": "20",
    "promotor": "15",
    "dias_clase": "{Martes}",
    "horario_inicio": "11:11:00",
    "horario_fin": "05:11:00",
    "nivel_curso": "medio",
    "costo": "20.00",
    "conocimientos_previos": "conocimientos basicos en cuanto a tecnologias",
    "requerimientos_implementos": "ninguno",
    "desempe\u00f1o_al_concluir": "capacitacion en protesis dentales",
    "id_modulo": [
        "97"
    ],
    "nombre_modulo": [
        "impresion 3D"
    ],
    "contenido": [
        "impresion 3D"
    ],
    "numero_modulo_contenido": [
        "1"
    ],
    "id_modulo_contenido": [
        "97"
    ],
    "numero_modulo": [
        "1"
    ],
    "actividad_modulo": [
        "participacion"
    ],
    "instrumento_modulo": [
        "participacion"
    ]
}{
    "action": "editar",
    "id_curso": "44",
    "nombre_curso": "Impresio\u00f1es 3DImpresio\u00f1es 3DImpresio\u00f1es 3DImpresio\u00f1es 3DImpresio\u00f1es 3DImpresio\u00f1es 3D",
    "descripcion": "masterclass de impresiones en 3D de protesis dentales",
    "tiempo_asignado": "2",
    "horas_cronologicas": "21",
    "fecha_finalizacion": "2025-02-15",
    "inicio_mes": "2024-10-27",
    "tipo_curso": "masterclass",
    "limite_inscripciones": "20",
    "promotor": "15",
    "dias_clase": "{Martes}",
    "horario_inicio": "11:11:00",
    "horario_fin": "05:11:00",
    "nivel_curso": "medio",
    "costo": "20.00",
    "conocimientos_previos": "conocimientos basicos en cuanto a tecnologias",
    "requerimientos_implementos": "ninguno",
    "desempe\u00f1o_al_concluir": "capacitacion en protesis dentales",
    "id_modulo": [
        "97"
    ],
    "nombre_modulo": [
        "impresion 3D"
    ],
    "contenido": [
        "impresion 3D"
    ],
    "numero_modulo_contenido": [
        "1"
    ],
    "id_modulo_contenido": [
        "97"
    ],
    "numero_modulo": [
        "1"
    ],
    "actividad_modulo": [
        "participacion"
    ],
    "instrumento_modulo": [
        "participacion"
    ]
}{
    "action": "editar",
    "id_curso": "44",
    "nombre_curso": "Impresio\u00f1es 3DImpresio\u00f1es 3DImpresio\u00f1es 3DImpresio\u00f1es 3DImpresio\u00f1es 3DImpresio\u00f1es 3D",
    "descripcion": "masterclass de impresiones en 3D de protesis dentales",
    "tiempo_asignado": "2",
    "horas_cronologicas": "21",
    "fecha_finalizacion": "2025-02-15",
    "inicio_mes": "2024-10-27",
    "tipo_curso": "masterclass",
    "limite_inscripciones": "20",
    "promotor": "15",
    "dias_clase": "{Martes}",
    "horario_inicio": "11:11:00",
    "horario_fin": "05:11:00",
    "nivel_curso": "medio",
    "costo": "20.00",
    "conocimientos_previos": "conocimientos basicos en cuanto a tecnologias",
    "requerimientos_implementos": "ninguno",
    "desempe\u00f1o_al_concluir": "capacitacion en protesis dentales",
    "id_modulo": [
        "97"
    ],
    "nombre_modulo": [
        "impresion 3D"
    ],
    "contenido": [
        "impresion 3D"
    ],
    "numero_modulo_contenido": [
        "1"
    ],
    "id_modulo_contenido": [
        "97"
    ],
    "numero_modulo": [
        "1"
    ],
    "actividad_modulo": [
        "participacion"
    ],
    "instrumento_modulo": [
        "participacion"
    ]
}{
    "action": "editar",
    "id_curso": "44",
    "nombre_curso": "Impresio\u00f1es 3DImpresio\u00f1es 3DImpresio\u00f1es 3DImpresio\u00f1es 3DImpresio\u00f1es 3DImpresio\u00f1es 3D",
    "descripcion": "masterclass de impresiones en 3D de protesis dentales",
    "tiempo_asignado": "2",
    "horas_cronologicas": "21",
    "fecha_finalizacion": "2025-02-15",
    "inicio_mes": "2024-10-27",
    "tipo_curso": "masterclass",
    "limite_inscripciones": "20",
    "promotor": "15",
    "dias_clase": "{Martes}",
    "horario_inicio": "11:11:00",
    "horario_fin": "05:11:00",
    "nivel_curso": "medio",
    "costo": "20.00",
    "conocimientos_previos": "conocimientos basicos en cuanto a tecnologias",
    "requerimientos_implementos": "ninguno",
    "desempe\u00f1o_al_concluir": "capacitacion en protesis dentales",
    "id_modulo": [
        "97"
    ],
    "nombre_modulo": [
        "impresion 3D"
    ],
    "contenido": [
        "impresion 3D"
    ],
    "numero_modulo_contenido": [
        "1"
    ],
    "id_modulo_contenido": [
        "97"
    ],
    "numero_modulo": [
        "1"
    ],
    "actividad_modulo": [
        "participacion"
    ],
    "instrumento_modulo": [
        "participacion"
    ]
}{
    "action": "editar",
    "id_curso": "44",
    "nombre_curso": "Impresio\u00f1es 3DImpresio\u00f1es 3DImpresio\u00f1es 3DImpresio\u00f1es 3DImpresio\u00f1es 3DImpresio\u00f1es 3D",
    "descripcion": "masterclass de impresiones en 3D de protesis dentales",
    "tiempo_asignado": "2",
    "horas_cronologicas": "21",
    "fecha_finalizacion": "2025-02-15",
    "inicio_mes": "2024-10-27",
    "tipo_curso": "masterclass",
    "limite_inscripciones": "20",
    "promotor": "15",
    "dias_clase": "{Martes}",
    "horario_inicio": "11:11:00",
    "horario_fin": "05:11:00",
    "nivel_curso": "medio",
    "costo": "20.00",
    "conocimientos_previos": "conocimientos basicos en cuanto a tecnologias",
    "requerimientos_implementos": "ninguno",
    "desempe\u00f1o_al_concluir": "capacitacion en protesis dentales",
    "id_modulo": [
        "97"
    ],
    "nombre_modulo": [
        "impresion 3D"
    ],
    "contenido": [
        "impresion 3D"
    ],
    "numero_modulo_contenido": [
        "1"
    ],
    "id_modulo_contenido": [
        "97"
    ],
    "numero_modulo": [
        "1"
    ],
    "actividad_modulo": [
        "participacion"
    ],
    "instrumento_modulo": [
        "participacion"
    ]
}{
    "action": "editar",
    "id_curso": "44",
    "nombre_curso": "Impresio\u00f1es 3DImpresio\u00f1es 3DImpresio\u00f1es 3DImpresio\u00f1es 3DImpresio\u00f1es 3DImpresio\u00f1es 3D",
    "descripcion": "masterclass de impresiones en 3D de protesis dentales",
    "tiempo_asignado": "2",
    "horas_cronologicas": "21",
    "fecha_finalizacion": "2025-02-15",
    "inicio_mes": "2024-10-27",
    "tipo_curso": "masterclass",
    "limite_inscripciones": "20",
    "promotor": "15",
    "dias_clase": "{Martes}",
    "horario_inicio": "11:11:00",
    "horario_fin": "05:11:00",
    "nivel_curso": "medio",
    "costo": "20.00",
    "conocimientos_previos": "conocimientos basicos en cuanto a tecnologias",
    "requerimientos_implementos": "ninguno",
    "desempe\u00f1o_al_concluir": "capacitacion en protesis dentales",
    "id_modulo": [
        "97"
    ],
    "nombre_modulo": [
        "impresion 3D"
    ],
    "contenido": [
        "impresion 3D"
    ],
    "numero_modulo_contenido": [
        "1"
    ],
    "id_modulo_contenido": [
        "97"
    ],
    "numero_modulo": [
        "1"
    ],
    "actividad_modulo": [
        "participacion"
    ],
    "instrumento_modulo": [
        "participacion"
    ]
}{
    "action": "editar",
    "id_curso": "44",
    "nombre_curso": "Impresio\u00f1es 3DImpresio\u00f1es 3DImpresio\u00f1es 3DImpresio\u00f1es 3DImpresio\u00f1es 3DImpresio\u00f1es 3D",
    "descripcion": "masterclass de impresiones en 3D de protesis dentales",
    "tiempo_asignado": "2",
    "horas_cronologicas": "21",
    "fecha_finalizacion": "2025-02-15",
    "inicio_mes": "2024-10-27",
    "tipo_curso": "masterclass",
    "limite_inscripciones": "20",
    "promotor": "15",
    "dias_clase": "{Martes}",
    "horario_inicio": "11:11:00",
    "horario_fin": "05:11:00",
    "nivel_curso": "medio",
    "costo": "20.00",
    "conocimientos_previos": "conocimientos basicos en cuanto a tecnologias",
    "requerimientos_implementos": "ninguno",
    "desempe\u00f1o_al_concluir": "capacitacion en protesis dentales",
    "id_modulo": [
        "97"
    ],
    "nombre_modulo": [
        "impresion 3D"
    ],
    "contenido": [
        "impresion 3D"
    ],
    "numero_modulo_contenido": [
        "1"
    ],
    "id_modulo_contenido": [
        "97"
    ],
    "numero_modulo": [
        "1"
    ],
    "actividad_modulo": [
        "participacion"
    ],
    "instrumento_modulo": [
        "participacion"
    ]
}{
    "action": "editar",
    "id_curso": "44",
    "nombre_curso": "Impresio\u00f1es 3DImpresio\u00f1es 3DImpresio\u00f1es 3DImpresio\u00f1es 3DImpresio\u00f1es 3DImpresio\u00f1es 3D",
    "descripcion": "masterclass de impresiones en 3D de protesis dentales",
    "tiempo_asignado": "2",
    "horas_cronologicas": "21",
    "fecha_finalizacion": "2025-02-15",
    "inicio_mes": "2024-10-27",
    "tipo_curso": "masterclass",
    "limite_inscripciones": "20",
    "promotor": "15",
    "dias_clase": "{Martes}",
    "horario_inicio": "11:11:00",
    "horario_fin": "05:11:00",
    "nivel_curso": "medio",
    "costo": "20.00",
    "conocimientos_previos": "conocimientos basicos en cuanto a tecnologias",
    "requerimientos_implementos": "ninguno",
    "desempe\u00f1o_al_concluir": "capacitacion en protesis dentales",
    "id_modulo": [
        "97"
    ],
    "nombre_modulo": [
        "impresion 3D"
    ],
    "contenido": [
        "impresion 3D"
    ],
    "numero_modulo_contenido": [
        "1"
    ],
    "id_modulo_contenido": [
        "97"
    ],
    "numero_modulo": [
        "1"
    ],
    "actividad_modulo": [
        "participacion"
    ],
    "instrumento_modulo": [
        "participacion"
    ]
}{
    "action": "editar",
    "id_curso": "44",
    "nombre_curso": "Impresio\u00f1es 3DImpresio\u00f1es 3DImpresio\u00f1es 3DImpresio\u00f1es 3DImpresio\u00f1es 3DImpresio\u00f1es 3D",
    "descripcion": "masterclass de impresiones en 3D de protesis dentales",
    "tiempo_asignado": "2",
    "horas_cronologicas": "21",
    "fecha_finalizacion": "2025-02-15",
    "inicio_mes": "2024-10-27",
    "tipo_curso": "masterclass",
    "limite_inscripciones": "20",
    "promotor": "15",
    "dias_clase": "{Martes}",
    "horario_inicio": "11:11:00",
    "horario_fin": "05:11:00",
    "nivel_curso": "medio",
    "costo": "20.00",
    "conocimientos_previos": "conocimientos basicos en cuanto a tecnologias",
    "requerimientos_implementos": "ninguno",
    "desempe\u00f1o_al_concluir": "capacitacion en protesis dentales",
    "id_modulo": [
        "97"
    ],
    "nombre_modulo": [
        "impresion 3D"
    ],
    "contenido": [
        "impresion 3D"
    ],
    "numero_modulo_contenido": [
        "1"
    ],
    "id_modulo_contenido": [
        "97"
    ],
    "numero_modulo": [
        "1"
    ],
    "actividad_modulo": [
        "participacion"
    ],
    "instrumento_modulo": [
        "participacion"
    ]
}{
    "action": "editar",
    "id_curso": "44",
    "nombre_curso": "Impresio\u00f1es 3DImpresio\u00f1es 3DImpresio\u00f1es 3DImpresio\u00f1es 3DImpresio\u00f1es 3DImpresio\u00f1es 3D",
    "descripcion": "masterclass de impresiones en 3D de protesis dentales",
    "tiempo_asignado": "2",
    "horas_cronologicas": "21",
    "fecha_finalizacion": "2025-02-15",
    "inicio_mes": "2024-10-27",
    "tipo_curso": "masterclass",
    "limite_inscripciones": "20",
    "promotor": "15",
    "dias_clase": "{Martes}",
    "horario_inicio": "11:11:00",
    "horario_fin": "05:11:00",
    "nivel_curso": "medio",
    "costo": "20.00",
    "conocimientos_previos": "conocimientos basicos en cuanto a tecnologias",
    "requerimientos_implementos": "ninguno",
    "desempe\u00f1o_al_concluir": "capacitacion en protesis dentales",
    "id_modulo": [
        "97"
    ],
    "nombre_modulo": [
        "impresion 3D"
    ],
    "contenido": [
        "impresion 3D"
    ],
    "numero_modulo_contenido": [
        "1"
    ],
    "id_modulo_contenido": [
        "97"
    ],
    "numero_modulo": [
        "1"
    ],
    "actividad_modulo": [
        "participacion"
    ],
    "instrumento_modulo": [
        "participacion"
    ]
}{
    "action": "editar",
    "id_curso": "44",
    "nombre_curso": "Impresio\u00f1es 3DImpresio\u00f1es 3DImpresio\u00f1es 3DImpresio\u00f1es 3DImpresio\u00f1es 3DImpresio\u00f1es 3D",
    "descripcion": "masterclass de impresiones en 3D de protesis dentales",
    "tiempo_asignado": "2",
    "horas_cronologicas": "21",
    "fecha_finalizacion": "2025-02-15",
    "inicio_mes": "2024-10-27",
    "tipo_curso": "masterclass",
    "limite_inscripciones": "20",
    "promotor": "15",
    "dias_clase": "{Martes}",
    "horario_inicio": "11:11:00",
    "horario_fin": "05:11:00",
    "nivel_curso": "medio",
    "costo": "20.00",
    "conocimientos_previos": "conocimientos basicos en cuanto a tecnologias",
    "requerimientos_implementos": "ninguno",
    "desempe\u00f1o_al_concluir": "capacitacion en protesis dentales",
    "id_modulo": [
        "97"
    ],
    "nombre_modulo": [
        "impresion 3D"
    ],
    "contenido": [
        "impresion 3D"
    ],
    "numero_modulo_contenido": [
        "1"
    ],
    "id_modulo_contenido": [
        "97"
    ],
    "numero_modulo": [
        "1"
    ],
    "actividad_modulo": [
        "participacion"
    ],
    "instrumento_modulo": [
        "participacion"
    ]
}{
    "action": "editar",
    "id_curso": "44",
    "nombre_curso": "Impresio\u00f1es 3DImpresio\u00f1es 3DImpresio\u00f1es 3DImpresio\u00f1es 3DImpresio\u00f1es 3DImpresio\u00f1es 3D",
    "descripcion": "masterclass de impresiones en 3D de protesis dentales",
    "tiempo_asignado": "2",
    "horas_cronologicas": "21",
    "fecha_finalizacion": "2025-02-15",
    "inicio_mes": "2024-10-27",
    "tipo_curso": "masterclass",
    "limite_inscripciones": "20",
    "promotor": "15",
    "dias_clase": "{Martes}",
    "horario_inicio": "11:11:00",
    "horario_fin": "05:11:00",
    "nivel_curso": "medio",
    "costo": "20.00",
    "conocimientos_previos": "conocimientos basicos en cuanto a tecnologias",
    "requerimientos_implementos": "ninguno",
    "desempe\u00f1o_al_concluir": "capacitacion en protesis dentales",
    "id_modulo": [
        "97"
    ],
    "nombre_modulo": [
        "impresion 3D"
    ],
    "contenido": [
        "impresion 3D"
    ],
    "numero_modulo_contenido": [
        "1"
    ],
    "id_modulo_contenido": [
        "97"
    ],
    "numero_modulo": [
        "1"
    ],
    "actividad_modulo": [
        "participacion"
    ],
    "instrumento_modulo": [
        "participacion"
    ]
}{
    "action": "editar",
    "id_curso": "44",
    "nombre_curso": "Impresio\u00f1es 3DImpresio\u00f1es 3DImpresio\u00f1es 3DImpresio\u00f1es 3DImpresio\u00f1es 3DImpresio\u00f1es 3D",
    "descripcion": "masterclass de impresiones en 3D de protesis dentales",
    "tiempo_asignado": "2",
    "horas_cronologicas": "20",
    "fecha_finalizacion": "2025-02-15",
    "inicio_mes": "2024-10-27",
    "tipo_curso": "masterclass",
    "limite_inscripciones": "20",
    "promotor": "15",
    "dias_clase": "{Martes}",
    "horario_inicio": "11:11:00",
    "horario_fin": "05:11:00",
    "nivel_curso": "medio",
    "costo": "20.00",
    "conocimientos_previos": "conocimientos basicos en cuanto a tecnologias",
    "requerimientos_implementos": "ninguno",
    "desempe\u00f1o_al_concluir": "capacitacion en protesis dentales",
    "id_modulo": [
        "97"
    ],
    "nombre_modulo": [
        "impresion 3D"
    ],
    "contenido": [
        "impresion 3D"
    ],
    "numero_modulo_contenido": [
        "1"
    ],
    "id_modulo_contenido": [
        "97"
    ],
    "numero_modulo": [
        "1"
    ],
    "actividad_modulo": [
        "participacion"
    ],
    "instrumento_modulo": [
        "participacion"
    ]
}{
    "action": "editar",
    "id_curso": "44",
    "nombre_curso": "Impresio\u00f1es 3DImpresio\u00f1es 3DImpresio\u00f1es 3DImpresio\u00f1es 3DImpresio\u00f1es 3DImpresio\u00f1es 3D",
    "descripcion": "masterclass de impresiones en 3D de protesis dentales",
    "tiempo_asignado": "2",
    "horas_cronologicas": "20",
    "fecha_finalizacion": "2025-02-15",
    "inicio_mes": "2024-10-27",
    "tipo_curso": "masterclass",
    "limite_inscripciones": "20",
    "promotor": "15",
    "dias_clase": "{Martes}",
    "horario_inicio": "11:11:00",
    "horario_fin": "05:11:00",
    "nivel_curso": "medio",
    "costo": "20.00",
    "conocimientos_previos": "conocimientos basicos en cuanto a tecnologias",
    "requerimientos_implementos": "ninguno",
    "desempe\u00f1o_al_concluir": "capacitacion en protesis dentales",
    "id_modulo": [
        "97"
    ],
    "nombre_modulo": [
        "impresion 3D"
    ],
    "contenido": [
        "impresion 3D"
    ],
    "numero_modulo_contenido": [
        "1"
    ],
    "id_modulo_contenido": [
        "97"
    ],
    "numero_modulo": [
        "1"
    ],
    "actividad_modulo": [
        "participacion"
    ],
    "instrumento_modulo": [
        "participacion"
    ]
}